<?xml version="1.0" encoding="UTF-8"?>
<testng-results skipped="4" failed="0" total="4" passed="0">
  <reporter-output>
  </reporter-output>
  <suite name="Default suite" duration-ms="234" started-at="2019-07-11T10:04:35Z" finished-at="2019-07-11T10:04:35Z">
    <groups>
    </groups>
    <test name="Default test" duration-ms="234" started-at="2019-07-11T10:04:35Z" finished-at="2019-07-11T10:04:35Z">
      <class name="Cucumber.CaseStudy.Addtocart">
        <test-method status="FAIL" signature="openBrowser()[pri:0, instance:Cucumber.CaseStudy.Addtocart@7f9a81e8]" name="openBrowser" is-config="true" duration-ms="0" started-at="2019-07-11T15:34:35Z" finished-at="2019-07-11T15:34:35Z">
          <exception class="java.lang.IllegalStateException">
            <message>
              <![CDATA[The path to the driver executable must be set by the webdriver.chrome.driver system property; for more information, see https://github.com/SeleniumHQ/selenium/wiki/ChromeDriver. The latest version can be downloaded from http://chromedriver.storage.googleapis.com/index.html]]>
            </message>
            <full-stacktrace>
              <![CDATA[java.lang.IllegalStateException: The path to the driver executable must be set by the webdriver.chrome.driver system property; for more information, see https://github.com/SeleniumHQ/selenium/wiki/ChromeDriver. The latest version can be downloaded from http://chromedriver.storage.googleapis.com/index.html
	at com.google.common.base.Preconditions.checkState(Preconditions.java:847)
	at org.openqa.selenium.remote.service.DriverService.findExecutable(DriverService.java:134)
	at org.openqa.selenium.chrome.ChromeDriverService.access$000(ChromeDriverService.java:35)
	at org.openqa.selenium.chrome.ChromeDriverService$Builder.findDefaultExecutable(ChromeDriverService.java:159)
	at org.openqa.selenium.remote.service.DriverService$Builder.build(DriverService.java:355)
	at org.openqa.selenium.chrome.ChromeDriverService.createDefaultService(ChromeDriverService.java:94)
	at org.openqa.selenium.chrome.ChromeDriver.<init>(ChromeDriver.java:123)
	at Cucumber.CaseStudy.UtilityClass.getDriver(UtilityClass.java:12)
	at Cucumber.CaseStudy.Addtocart.openBrowser(Addtocart.java:20)
	at sun.reflect.NativeMethodAccessorImpl.invoke0(Native Method)
	at sun.reflect.NativeMethodAccessorImpl.invoke(Unknown Source)
	at sun.reflect.DelegatingMethodAccessorImpl.invoke(Unknown Source)
	at java.lang.reflect.Method.invoke(Unknown Source)
	at org.testng.internal.MethodInvocationHelper.invokeMethod(MethodInvocationHelper.java:86)
	at org.testng.internal.Invoker.invokeConfigurationMethod(Invoker.java:514)
	at org.testng.internal.Invoker.invokeConfigurations(Invoker.java:215)
	at org.testng.internal.Invoker.invokeConfigurations(Invoker.java:142)
	at org.testng.TestRunner.beforeRun(TestRunner.java:656)
	at org.testng.TestRunner.run(TestRunner.java:624)
	at org.testng.SuiteRunner.runTest(SuiteRunner.java:366)
	at org.testng.SuiteRunner.runSequentially(SuiteRunner.java:361)
	at org.testng.SuiteRunner.privateRun(SuiteRunner.java:319)
	at org.testng.SuiteRunner.run(SuiteRunner.java:268)
	at org.testng.SuiteRunnerWorker.runSuite(SuiteRunnerWorker.java:52)
	at org.testng.SuiteRunnerWorker.run(SuiteRunnerWorker.java:86)
	at org.testng.TestNG.runSuitesSequentially(TestNG.java:1244)
	at org.testng.TestNG.runSuitesLocally(TestNG.java:1169)
	at org.testng.TestNG.run(TestNG.java:1064)
	at org.testng.remote.AbstractRemoteTestNG.run(AbstractRemoteTestNG.java:132)
	at org.testng.remote.RemoteTestNG.initAndRun(RemoteTestNG.java:236)
	at org.testng.remote.RemoteTestNG.main(RemoteTestNG.java:81)
]]>
            </full-stacktrace>
          </exception> <!-- java.lang.IllegalStateException -->
          <reporter-output>
          </reporter-output>
        </test-method> <!-- openBrowser -->
        <test-method status="SKIP" signature="f()[pri:0, instance:Cucumber.CaseStudy.Addtocart@7f9a81e8]" name="f" duration-ms="3" started-at="2019-07-11T15:34:35Z" finished-at="2019-07-11T15:34:35Z">
          <reporter-output>
          </reporter-output>
        </test-method> <!-- f -->
        <test-method status="SKIP" signature="testLogin()[pri:1, instance:Cucumber.CaseStudy.Addtocart@7f9a81e8]" name="testLogin" duration-ms="3" started-at="2019-07-11T15:34:35Z" finished-at="2019-07-11T15:34:35Z">
          <reporter-output>
          </reporter-output>
        </test-method> <!-- testLogin -->
        <test-method status="SKIP" signature="AddtoCart()[pri:2, instance:Cucumber.CaseStudy.Addtocart@7f9a81e8]" name="AddtoCart" duration-ms="1" started-at="2019-07-11T15:34:35Z" finished-at="2019-07-11T15:34:35Z">
          <reporter-output>
          </reporter-output>
        </test-method> <!-- AddtoCart -->
        <test-method status="SKIP" signature="AddtoCartFail()[pri:3, instance:Cucumber.CaseStudy.Addtocart@7f9a81e8]" name="AddtoCartFail" duration-ms="2" started-at="2019-07-11T15:34:35Z" finished-at="2019-07-11T15:34:35Z">
          <reporter-output>
          </reporter-output>
        </test-method> <!-- AddtoCartFail -->
      </class> <!-- Cucumber.CaseStudy.Addtocart -->
    </test> <!-- Default test -->
  </suite> <!-- Default suite -->
</testng-results>
